<?xml version="1.0" encoding="UTF-8"?>
<!-- Generated by org.testng.reporters.JUnitReportReporter -->
<testsuite skipped="0" hostname="DESKTOP-IQISSAG" name="com.employeecheck.testcases.TC003_PostEmployeeRecord" tests="2" failures="0" timestamp="2020-04-17T00:46:10 IST" time="0.257" errors="0">
  <testcase name="checkStatusCode" time="0.001" classname="com.employeecheck.testcases.TC003_PostEmployeeRecord"/>
  <testcase name="checkResponseBody" time="0.256" classname="com.employeecheck.testcases.TC003_PostEmployeeRecord"/>
</testsuite> <!-- com.employeecheck.testcases.TC003_PostEmployeeRecord -->
