<?xml version="1.0" encoding="UTF-8"?>
<!-- Generated by org.testng.reporters.JUnitReportReporter -->
<testsuite skipped="0" hostname="DESKTOP-IQISSAG" name="com.employeecheck.testcases.TC001_GetAllEmployees" tests="4" failures="0" timestamp="2020-04-17T13:14:37 IST" time="0.029" errors="0">
  <testcase name="checkResponseBody" time="0.026" classname="com.employeecheck.testcases.TC001_GetAllEmployees"/>
  <testcase name="checkStatusCode" time="0.001" classname="com.employeecheck.testcases.TC001_GetAllEmployees"/>
  <testcase name="checkResponseTime" time="0.001" classname="com.employeecheck.testcases.TC001_GetAllEmployees"/>
  <testcase name="checkServerType" time="0.001" classname="com.employeecheck.testcases.TC001_GetAllEmployees"/>
</testsuite> <!-- com.employeecheck.testcases.TC001_GetAllEmployees -->
