<?xml version="1.0" encoding="UTF-8"?>
<!-- Generated by org.testng.reporters.JUnitReportReporter -->
<testsuite skipped="0" hostname="DESKTOP-IQISSAG" name="com.employeecheck.testcases.TC003_PostEmployeeRecord" tests="2" failures="0" timestamp="2020-04-17T13:14:37 IST" time="0.306" errors="0">
  <testcase name="checkStatusCode" time="0.002" classname="com.employeecheck.testcases.TC003_PostEmployeeRecord"/>
  <testcase name="checkResponseBody" time="0.304" classname="com.employeecheck.testcases.TC003_PostEmployeeRecord"/>
</testsuite> <!-- com.employeecheck.testcases.TC003_PostEmployeeRecord -->
